<?xml version="1.0" encoding="UTF-8"?>
<!-- Generated by org.testng.reporters.JUnitReportReporter -->
<testsuite hostname="Chandu" failures="0" tests="1" name="wikipediasteps.HomePageStepWikipedia" time="4.551" errors="0" timestamp="2024-12-30T17:50:29 IST" skipped="0">
  <testcase classname="wikipediasteps.HomePageStepWikipedia" name="homePage" time="4.551"/>
  <system-out/>
</testsuite> <!-- wikipediasteps.HomePageStepWikipedia -->
